<?xml version="1.0" encoding="UTF-8"?>
<!-- Generated by org.testng.reporters.JUnitReportReporter -->
<testsuite hostname="MBTLT25" failures="0" tests="1" name="com.testng.NewTest" time="0.008" errors="0" timestamp="2023-07-11T20:02:49 IST" skipped="0">
  <testcase classname="com.testng.NewTest" name="f" time="0.008"/>
</testsuite> <!-- com.testng.NewTest -->
